2024-12-17 23:31:10.051 [info] Added views:outline in workbench.view.explorer
2024-12-17 23:31:10.052 [info] Added views:workbench.view.search in workbench.view.search
2024-12-17 23:31:10.052 [info] Added views:workbench.scm in workbench.view.scm
2024-12-17 23:31:10.052 [info] Added views:workbench.panel.markers.view in workbench.panel.markers
2024-12-17 23:31:10.052 [info] Added views:workbench.panel.output in workbench.panel.output
2024-12-17 23:31:10.052 [info] Added views:terminal in terminal
2024-12-17 23:31:10.052 [info] Added views:timeline in workbench.view.explorer
2024-12-17 23:31:10.052 [info] Added views:workbench.explorer.fileView in workbench.view.explorer
2024-12-17 23:31:10.607 [info] Added views:workbench.debug.welcome in workbench.view.debug
2024-12-17 23:31:12.672 [info] Added views:~remote.forwardedPorts in ~remote.forwardedPortsContainer
2024-12-17 23:31:13.198 [info] Added views:workbench.panel.repl.view in workbench.panel.repl
2024-12-17 23:31:15.686 [info] Added views:workbench.views.extensions.installed,workbench.views.extensions.popular,extensions.recommendedList in workbench.view.extensions
2024-12-17 23:31:15.687 [info] Removed views:workbench.views.extensions.popular from workbench.view.extensions
2024-12-17 23:31:15.911 [info] Added views:workbench.views.extensions.popular in workbench.view.extensions
2024-12-17 23:31:18.003 [info] Removed views:extensions.recommendedList,workbench.views.extensions.popular,workbench.views.extensions.installed from workbench.view.extensions
2024-12-17 23:31:18.008 [info] Added views:workbench.views.extensions.marketplace in workbench.view.extensions
2024-12-17 23:33:08.297 [info] Removed views:workbench.views.extensions.marketplace from workbench.view.extensions
2024-12-17 23:33:08.308 [info] Added views:workbench.views.extensions.installed,workbench.views.extensions.popular,extensions.recommendedList in workbench.view.extensions
2024-12-17 23:33:10.731 [info] Removed views:extensions.recommendedList,workbench.views.extensions.popular,workbench.views.extensions.installed from workbench.view.extensions
2024-12-17 23:33:10.736 [info] Added views:workbench.views.extensions.marketplace in workbench.view.extensions
