2024-12-18 16:07:24.324 [info] [main] Log level: Info
2024-12-18 16:07:24.324 [info] [main] Validating found git in: "git"
2024-12-18 16:07:25.011 [info] [main] Using git "2.47.1" from "git"
2024-12-18 16:07:25.011 [info] [Model][doInitialScan] Initial repository scan started
2024-12-18 16:07:25.857 [info] > git rev-parse --show-toplevel [836ms]
2024-12-18 16:07:25.857 [info] fatal: not a git repository (or any of the parent directories): .git
2024-12-18 16:07:25.868 [info] > git rev-parse --show-toplevel [1ms]
2024-12-18 16:07:25.868 [info] fatal: not a git repository (or any of the parent directories): .git
2024-12-18 16:07:25.874 [info] > git rev-parse --show-toplevel [1ms]
2024-12-18 16:07:25.874 [info] fatal: not a git repository (or any of the parent directories): .git
2024-12-18 16:07:25.880 [info] > git rev-parse --show-toplevel [2ms]
2024-12-18 16:07:25.880 [info] fatal: not a git repository (or any of the parent directories): .git
2024-12-18 16:07:25.967 [info] > git rev-parse --show-toplevel [84ms]
2024-12-18 16:07:25.967 [info] fatal: not a git repository (or any of the parent directories): .git
2024-12-18 16:07:26.130 [info] > git rev-parse --show-toplevel [9ms]
2024-12-18 16:07:26.130 [info] fatal: not a git repository (or any of the parent directories): .git
2024-12-18 16:07:26.151 [info] > git rev-parse --show-toplevel [16ms]
2024-12-18 16:07:26.151 [info] fatal: not a git repository (or any of the parent directories): .git
2024-12-18 16:07:26.155 [info] > git rev-parse --show-toplevel [1ms]
2024-12-18 16:07:26.155 [info] fatal: not a git repository (or any of the parent directories): .git
2024-12-18 16:07:26.159 [info] > git rev-parse --show-toplevel [1ms]
2024-12-18 16:07:26.159 [info] fatal: not a git repository (or any of the parent directories): .git
2024-12-18 16:07:26.165 [info] > git rev-parse --show-toplevel [1ms]
2024-12-18 16:07:26.165 [info] fatal: not a git repository (or any of the parent directories): .git
2024-12-18 16:07:26.170 [info] > git rev-parse --show-toplevel [1ms]
2024-12-18 16:07:26.170 [info] fatal: not a git repository (or any of the parent directories): .git
2024-12-18 16:07:26.174 [info] > git rev-parse --show-toplevel [0ms]
2024-12-18 16:07:26.174 [info] fatal: not a git repository (or any of the parent directories): .git
2024-12-18 16:07:26.179 [info] > git rev-parse --show-toplevel [1ms]
2024-12-18 16:07:26.179 [info] fatal: not a git repository (or any of the parent directories): .git
2024-12-18 16:07:26.183 [info] > git rev-parse --show-toplevel [1ms]
2024-12-18 16:07:26.183 [info] fatal: not a git repository (or any of the parent directories): .git
2024-12-18 16:07:26.187 [info] > git rev-parse --show-toplevel [0ms]
2024-12-18 16:07:26.187 [info] fatal: not a git repository (or any of the parent directories): .git
2024-12-18 16:07:26.192 [info] > git rev-parse --show-toplevel [1ms]
2024-12-18 16:07:26.192 [info] fatal: not a git repository (or any of the parent directories): .git
2024-12-18 16:07:26.196 [info] > git rev-parse --show-toplevel [1ms]
2024-12-18 16:07:26.196 [info] fatal: not a git repository (or any of the parent directories): .git
2024-12-18 16:07:26.200 [info] > git rev-parse --show-toplevel [1ms]
2024-12-18 16:07:26.200 [info] fatal: not a git repository (or any of the parent directories): .git
2024-12-18 16:07:26.203 [info] > git rev-parse --show-toplevel [0ms]
2024-12-18 16:07:26.203 [info] fatal: not a git repository (or any of the parent directories): .git
2024-12-18 16:07:26.207 [info] > git rev-parse --show-toplevel [1ms]
2024-12-18 16:07:26.207 [info] fatal: not a git repository (or any of the parent directories): .git
2024-12-18 16:07:26.210 [info] > git rev-parse --show-toplevel [0ms]
2024-12-18 16:07:26.210 [info] fatal: not a git repository (or any of the parent directories): .git
2024-12-18 16:07:26.214 [info] > git rev-parse --show-toplevel [1ms]
2024-12-18 16:07:26.214 [info] fatal: not a git repository (or any of the parent directories): .git
2024-12-18 16:07:26.218 [info] > git rev-parse --show-toplevel [0ms]
2024-12-18 16:07:26.218 [info] fatal: not a git repository (or any of the parent directories): .git
2024-12-18 16:07:26.221 [info] > git rev-parse --show-toplevel [1ms]
2024-12-18 16:07:26.221 [info] fatal: not a git repository (or any of the parent directories): .git
2024-12-18 16:07:26.221 [info] [Model][doInitialScan] Initial repository scan completed - repositories (0), closed repositories (0), parent repositories (0), unsafe repositories (0)
2024-12-18 16:22:12.349 [info] > git rev-parse --show-toplevel [1ms]
2024-12-18 16:22:12.349 [info] fatal: not a git repository (or any of the parent directories): .git
2024-12-18 16:22:13.704 [info] > git rev-parse --show-toplevel [3ms]
2024-12-18 16:22:13.704 [info] fatal: not a git repository (or any of the parent directories): .git
