2024-12-17 23:33:45.671 [info] [main] Log level: Info
2024-12-17 23:33:45.671 [info] [main] Validating found git in: "git"
2024-12-17 23:33:45.671 [info] [main] Using git "2.47.1" from "git"
2024-12-17 23:33:45.671 [info] [Model][doInitialScan] Initial repository scan started
2024-12-17 23:33:45.671 [info] > git rev-parse --show-toplevel [9ms]
2024-12-17 23:33:45.671 [info] fatal: not a git repository (or any of the parent directories): .git
2024-12-17 23:33:45.671 [info] > git rev-parse --show-toplevel [2ms]
2024-12-17 23:33:45.671 [info] fatal: not a git repository (or any of the parent directories): .git
2024-12-17 23:33:45.675 [info] > git rev-parse --show-toplevel [1ms]
2024-12-17 23:33:45.675 [info] fatal: not a git repository (or any of the parent directories): .git
2024-12-17 23:33:45.680 [info] > git rev-parse --show-toplevel [1ms]
2024-12-17 23:33:45.680 [info] fatal: not a git repository (or any of the parent directories): .git
2024-12-17 23:33:45.779 [info] > git rev-parse --show-toplevel [93ms]
2024-12-17 23:33:45.779 [info] fatal: not a git repository (or any of the parent directories): .git
2024-12-17 23:33:45.790 [info] > git rev-parse --show-toplevel [1ms]
2024-12-17 23:33:45.790 [info] fatal: not a git repository (or any of the parent directories): .git
2024-12-17 23:33:45.794 [info] > git rev-parse --show-toplevel [2ms]
2024-12-17 23:33:45.794 [info] fatal: not a git repository (or any of the parent directories): .git
2024-12-17 23:33:45.798 [info] > git rev-parse --show-toplevel [1ms]
2024-12-17 23:33:45.798 [info] fatal: not a git repository (or any of the parent directories): .git
2024-12-17 23:33:45.802 [info] > git rev-parse --show-toplevel [1ms]
2024-12-17 23:33:45.802 [info] fatal: not a git repository (or any of the parent directories): .git
2024-12-17 23:33:45.807 [info] > git rev-parse --show-toplevel [1ms]
2024-12-17 23:33:45.807 [info] fatal: not a git repository (or any of the parent directories): .git
2024-12-17 23:33:45.913 [info] > git rev-parse --show-toplevel [12ms]
2024-12-17 23:33:45.913 [info] fatal: not a git repository (or any of the parent directories): .git
2024-12-17 23:33:45.917 [info] > git rev-parse --show-toplevel [1ms]
2024-12-17 23:33:45.917 [info] fatal: not a git repository (or any of the parent directories): .git
2024-12-17 23:33:45.936 [info] > git rev-parse --show-toplevel [8ms]
2024-12-17 23:33:45.936 [info] fatal: not a git repository (or any of the parent directories): .git
2024-12-17 23:33:45.941 [info] > git rev-parse --show-toplevel [1ms]
2024-12-17 23:33:45.941 [info] fatal: not a git repository (or any of the parent directories): .git
2024-12-17 23:33:45.945 [info] > git rev-parse --show-toplevel [1ms]
2024-12-17 23:33:45.945 [info] fatal: not a git repository (or any of the parent directories): .git
2024-12-17 23:33:45.948 [info] > git rev-parse --show-toplevel [0ms]
2024-12-17 23:33:45.948 [info] fatal: not a git repository (or any of the parent directories): .git
2024-12-17 23:33:45.952 [info] > git rev-parse --show-toplevel [1ms]
2024-12-17 23:33:45.952 [info] fatal: not a git repository (or any of the parent directories): .git
2024-12-17 23:33:45.956 [info] > git rev-parse --show-toplevel [1ms]
2024-12-17 23:33:45.956 [info] fatal: not a git repository (or any of the parent directories): .git
2024-12-17 23:33:45.960 [info] > git rev-parse --show-toplevel [1ms]
2024-12-17 23:33:45.960 [info] fatal: not a git repository (or any of the parent directories): .git
2024-12-17 23:33:45.963 [info] > git rev-parse --show-toplevel [1ms]
2024-12-17 23:33:45.963 [info] fatal: not a git repository (or any of the parent directories): .git
2024-12-17 23:33:45.967 [info] > git rev-parse --show-toplevel [1ms]
2024-12-17 23:33:45.967 [info] fatal: not a git repository (or any of the parent directories): .git
2024-12-17 23:33:45.972 [info] > git rev-parse --show-toplevel [1ms]
2024-12-17 23:33:45.972 [info] fatal: not a git repository (or any of the parent directories): .git
2024-12-17 23:33:45.975 [info] > git rev-parse --show-toplevel [0ms]
2024-12-17 23:33:45.975 [info] fatal: not a git repository (or any of the parent directories): .git
2024-12-17 23:33:45.979 [info] > git rev-parse --show-toplevel [1ms]
2024-12-17 23:33:45.979 [info] fatal: not a git repository (or any of the parent directories): .git
2024-12-17 23:33:45.982 [info] > git rev-parse --show-toplevel [1ms]
2024-12-17 23:33:45.982 [info] fatal: not a git repository (or any of the parent directories): .git
2024-12-17 23:33:45.983 [info] [Model][doInitialScan] Initial repository scan completed - repositories (0), closed repositories (0), parent repositories (0), unsafe repositories (0)
2024-12-17 23:33:47.222 [info] > git rev-parse --show-toplevel [1ms]
2024-12-17 23:33:47.222 [info] fatal: not a git repository (or any of the parent directories): .git
2024-12-17 23:34:15.685 [info] [main] Log level: Info
2024-12-17 23:34:15.685 [info] [main] Validating found git in: "git"
2024-12-17 23:34:15.685 [info] [main] Using git "2.47.1" from "git"
2024-12-17 23:34:15.685 [info] [Model][doInitialScan] Initial repository scan started
2024-12-17 23:34:15.685 [info] > git rev-parse --show-toplevel [16ms]
2024-12-17 23:34:15.685 [info] fatal: not a git repository (or any of the parent directories): .git
2024-12-17 23:34:15.696 [info] > git rev-parse --show-toplevel [7ms]
2024-12-17 23:34:15.696 [info] fatal: not a git repository (or any of the parent directories): .git
2024-12-17 23:34:15.701 [info] > git rev-parse --show-toplevel [1ms]
2024-12-17 23:34:15.701 [info] fatal: not a git repository (or any of the parent directories): .git
2024-12-17 23:34:15.705 [info] > git rev-parse --show-toplevel [1ms]
2024-12-17 23:34:15.705 [info] fatal: not a git repository (or any of the parent directories): .git
2024-12-17 23:34:15.709 [info] > git rev-parse --show-toplevel [1ms]
2024-12-17 23:34:15.709 [info] fatal: not a git repository (or any of the parent directories): .git
2024-12-17 23:34:15.712 [info] > git rev-parse --show-toplevel [0ms]
2024-12-17 23:34:15.712 [info] fatal: not a git repository (or any of the parent directories): .git
2024-12-17 23:34:15.716 [info] > git rev-parse --show-toplevel [1ms]
2024-12-17 23:34:15.716 [info] fatal: not a git repository (or any of the parent directories): .git
2024-12-17 23:34:15.720 [info] > git rev-parse --show-toplevel [1ms]
2024-12-17 23:34:15.720 [info] fatal: not a git repository (or any of the parent directories): .git
2024-12-17 23:34:15.724 [info] > git rev-parse --show-toplevel [1ms]
2024-12-17 23:34:15.724 [info] fatal: not a git repository (or any of the parent directories): .git
2024-12-17 23:34:15.728 [info] > git rev-parse --show-toplevel [1ms]
2024-12-17 23:34:15.728 [info] fatal: not a git repository (or any of the parent directories): .git
2024-12-17 23:34:15.732 [info] > git rev-parse --show-toplevel [1ms]
2024-12-17 23:34:15.732 [info] fatal: not a git repository (or any of the parent directories): .git
2024-12-17 23:34:15.736 [info] > git rev-parse --show-toplevel [0ms]
2024-12-17 23:34:15.736 [info] fatal: not a git repository (or any of the parent directories): .git
2024-12-17 23:34:15.739 [info] > git rev-parse --show-toplevel [1ms]
2024-12-17 23:34:15.739 [info] fatal: not a git repository (or any of the parent directories): .git
2024-12-17 23:34:15.743 [info] > git rev-parse --show-toplevel [1ms]
2024-12-17 23:34:15.743 [info] fatal: not a git repository (or any of the parent directories): .git
2024-12-17 23:34:15.746 [info] > git rev-parse --show-toplevel [0ms]
2024-12-17 23:34:15.746 [info] fatal: not a git repository (or any of the parent directories): .git
2024-12-17 23:34:15.750 [info] > git rev-parse --show-toplevel [1ms]
2024-12-17 23:34:15.750 [info] fatal: not a git repository (or any of the parent directories): .git
2024-12-17 23:34:15.754 [info] > git rev-parse --show-toplevel [1ms]
2024-12-17 23:34:15.754 [info] fatal: not a git repository (or any of the parent directories): .git
2024-12-17 23:34:15.758 [info] > git rev-parse --show-toplevel [1ms]
2024-12-17 23:34:15.758 [info] fatal: not a git repository (or any of the parent directories): .git
2024-12-17 23:34:15.761 [info] > git rev-parse --show-toplevel [1ms]
2024-12-17 23:34:15.761 [info] fatal: not a git repository (or any of the parent directories): .git
2024-12-17 23:34:15.765 [info] > git rev-parse --show-toplevel [1ms]
2024-12-17 23:34:15.765 [info] fatal: not a git repository (or any of the parent directories): .git
2024-12-17 23:34:15.768 [info] > git rev-parse --show-toplevel [1ms]
2024-12-17 23:34:15.768 [info] fatal: not a git repository (or any of the parent directories): .git
2024-12-17 23:34:15.772 [info] > git rev-parse --show-toplevel [1ms]
2024-12-17 23:34:15.772 [info] fatal: not a git repository (or any of the parent directories): .git
2024-12-17 23:34:15.775 [info] > git rev-parse --show-toplevel [0ms]
2024-12-17 23:34:15.775 [info] fatal: not a git repository (or any of the parent directories): .git
2024-12-17 23:34:15.779 [info] > git rev-parse --show-toplevel [1ms]
2024-12-17 23:34:15.779 [info] fatal: not a git repository (or any of the parent directories): .git
2024-12-17 23:34:15.779 [info] [Model][doInitialScan] Initial repository scan completed - repositories (0), closed repositories (0), parent repositories (0), unsafe repositories (0)
