2024-12-18 17:14:01.752 [info] Extension host with pid 10086 started
2024-12-18 17:14:01.752 [info] Skipping acquiring lock for /home/raunakm/.config/VSCodium/User/workspaceStorage/5bd79c103d7cbd36322b1574b49f4c65.
2024-12-18 17:14:01.847 [info] ExtensionService#_doActivateExtension vscode.emmet, startup: false, activationEvent: 'onLanguage'
2024-12-18 17:14:01.920 [info] ExtensionService#_doActivateExtension vscode.git-base, startup: true, activationEvent: '*', root cause: vscode.git
2024-12-18 17:14:02.018 [info] ExtensionService#_doActivateExtension vscode.git, startup: true, activationEvent: '*'
2024-12-18 17:14:02.696 [info] ExtensionService#_doActivateExtension vscode.github, startup: true, activationEvent: '*'
2024-12-18 17:14:03.402 [info] Eager extensions activated
2024-12-18 17:14:03.412 [info] ExtensionService#_doActivateExtension vscode.debug-auto-launch, startup: false, activationEvent: 'onStartupFinished'
2024-12-18 17:14:03.482 [info] ExtensionService#_doActivateExtension vscode.merge-conflict, startup: false, activationEvent: 'onStartupFinished'
2024-12-18 17:14:03.561 [info] ExtensionService#_doActivateExtension Catppuccin.catppuccin-vsc, startup: false, activationEvent: 'onStartupFinished'
2024-12-18 17:14:03.603 [info] ExtensionService#_doActivateExtension Catppuccin.catppuccin-vsc-icons, startup: false, activationEvent: 'onStartupFinished'
2024-12-18 17:14:03.877 [info] ExtensionService#_doActivateExtension vscode.configuration-editing, startup: false, activationEvent: 'onLanguage:jsonc'
2024-12-18 17:14:04.249 [info] ExtensionService#_doActivateExtension vscode.json-language-features, startup: false, activationEvent: 'onLanguage:jsonc'
2024-12-18 17:14:04.342 [info] ExtensionService#_doActivateExtension vscode.typescript-language-features, startup: false, activationEvent: 'onLanguage:jsonc'
2024-12-18 17:14:04.604 [warning] [Decorations] CAPPING events from decorations provider vscode.git 1761
2024-12-18 17:14:04.677 [warning] [Decorations] CAPPING events from decorations provider vscode.git 1763
2024-12-18 17:17:50.054 [warning] [Decorations] CAPPING events from decorations provider vscode.git 1781
2024-12-18 17:17:54.907 [warning] [Decorations] CAPPING events from decorations provider vscode.git 1778
2024-12-18 17:17:55.142 [warning] [Decorations] CAPPING events from decorations provider vscode.git 1778
2024-12-18 17:18:00.176 [warning] [Decorations] CAPPING events from decorations provider vscode.git 1779
2024-12-18 17:18:04.835 [warning] [Decorations] CAPPING events from decorations provider vscode.git 1779
2024-12-18 17:18:05.210 [warning] [Decorations] CAPPING events from decorations provider vscode.git 1779
2024-12-18 17:18:39.046 [warning] [Decorations] CAPPING events from decorations provider vscode.git 1779
2024-12-18 17:19:38.904 [warning] [Decorations] CAPPING events from decorations provider vscode.git 1779
2024-12-18 17:19:40.704 [warning] [Decorations] CAPPING events from decorations provider vscode.git 1779
2024-12-18 17:20:06.172 [info] ExtensionService#_doActivateExtension vscode.github-authentication, startup: false, activationEvent: 'onAuthenticationRequest:github'
2024-12-18 17:21:53.621 [error] Error: Failed to execute git
	at t.Git._exec (/opt/vscodium-bin/resources/app/extensions/git/dist/main.js:2:929549)
	at async t.Git.exec (/opt/vscodium-bin/resources/app/extensions/git/dist/main.js:2:928617)
	at async W.exec (/opt/vscodium-bin/resources/app/extensions/git/dist/main.js:2:934145)
	at async W.getRemotesGit (/opt/vscodium-bin/resources/app/extensions/git/dist/main.js:2:955689)
	at async W.getRemotes (/opt/vscodium-bin/resources/app/extensions/git/dist/main.js:2:955421)
	at async Promise.all (index 1)
	at async O._updateModelState (/opt/vscodium-bin/resources/app/extensions/git/dist/main.js:2:1060271)
	at async O.updateModelState (/opt/vscodium-bin/resources/app/extensions/git/dist/main.js:2:1060096)
	at async O.run (/opt/vscodium-bin/resources/app/extensions/git/dist/main.js:2:1059304)
	at async O.status (/opt/vscodium-bin/resources/app/extensions/git/dist/main.js:2:1040107)
2024-12-18 17:22:39.833 [warning] [Decorations] CAPPING events from decorations provider vscode.git 1729
2024-12-18 17:22:39.891 [warning] [Decorations] CAPPING events from decorations provider vscode.git 1729
